#
# There is insufficient memory for the Java Runtime Environment to continue.
# Native memory allocation (malloc) failed to allocate 334096 bytes for Chunk::new
# Possible reasons:
#   The system is out of physical RAM or swap space
#   In 32 bit mode, the process size limit was hit
# Possible solutions:
#   Reduce memory load on the system
#   Increase physical memory or swap space
#   Check if swap backing store is full
#   Use 64 bit Java on a 64 bit OS
#   Decrease Java heap size (-Xmx/-Xms)
#   Decrease number of Java threads
#   Decrease Java thread stack sizes (-Xss)
#   Set larger code cache with -XX:ReservedCodeCacheSize=
# This output file may be truncated or incomplete.
#
#  Out of Memory Error (allocation.cpp:390), pid=10608, tid=0x0000000000000bbc
#
# JRE version: Java(TM) SE Runtime Environment (8.0_171-b11) (build 1.8.0_171-b11)
# Java VM: Java HotSpot(TM) 64-Bit Server VM (25.171-b11 mixed mode windows-amd64 compressed oops)
# Failed to write core dump. Minidumps are not enabled by default on client versions of Windows
#

---------------  T H R E A D  ---------------

Current thread (0x0000000018dfc000):  JavaThread "C2 CompilerThread0" daemon [_thread_in_native, id=3004, stack(0x0000000019850000,0x0000000019950000)]

Stack: [0x0000000019850000,0x0000000019950000]
[error occurred during error reporting (printing stack bounds), id 0xc0000005]

Native frames: (J=compiled Java code, j=interpreted, Vv=VM code, C=native code)


Current CompileTask:
C2:  21756 2520   !   4       org.eclipse.osgi.internal.loader.classpath.ClasspathManager::defineClass (636 bytes)


---------------  P R O C E S S  ---------------

Java Threads: ( => current thread )
  0x000000001a9fd800 JavaThread "Worker-3" [_thread_blocked, id=12320, stack(0x000000001cf00000,0x000000001d000000)]
  0x000000001a84d000 JavaThread "Worker-2" [_thread_blocked, id=5000, stack(0x000000001cc00000,0x000000001cd00000)]
  0x000000001a84a800 JavaThread "Java indexing" daemon [_thread_blocked, id=11608, stack(0x000000001cb00000,0x000000001cc00000)]
  0x000000001aebf800 JavaThread "Worker-1: Building workspace" [_thread_in_native, id=13844, stack(0x000000001c600000,0x000000001c700000)]
  0x000000001ace1800 JavaThread "Worker-0: Compacting resource model" [_thread_blocked, id=5728, stack(0x000000001c500000,0x000000001c600000)]
  0x000000001a804800 JavaThread "Worker-JM" [_thread_blocked, id=14244, stack(0x000000001c000000,0x000000001c100000)]
  0x000000001ab61000 JavaThread "Start Level: Equinox Container: ae8aeb9f-c3db-4aae-ac32-5cbd1c6d4830" daemon [_thread_in_native, id=13164, stack(0x000000001bc00000,0x000000001bd00000)]
  0x000000001a79a000 JavaThread "Framework Event Dispatcher: Equinox Container: ae8aeb9f-c3db-4aae-ac32-5cbd1c6d4830" daemon [_thread_blocked, id=9000, stack(0x000000001bb00000,0x000000001bc00000)]
  0x000000001a669000 JavaThread "Active Thread: Equinox Container: ae8aeb9f-c3db-4aae-ac32-5cbd1c6d4830" [_thread_blocked, id=13188, stack(0x000000001ba00000,0x000000001bb00000)]
  0x0000000018e85800 JavaThread "Service Thread" daemon [_thread_blocked, id=13032, stack(0x0000000019b50000,0x0000000019c50000)]
  0x0000000018e02800 JavaThread "C1 CompilerThread2" daemon [_thread_blocked, id=13540, stack(0x0000000019a50000,0x0000000019b50000)]
  0x0000000018dfc800 JavaThread "C2 CompilerThread1" daemon [_thread_blocked, id=13536, stack(0x0000000019950000,0x0000000019a50000)]
=>0x0000000018dfc000 JavaThread "C2 CompilerThread0" daemon [_thread_in_native, id=3004, stack(0x0000000019850000,0x0000000019950000)]
  0x0000000018dfa800 JavaThread "Attach Listener" daemon [_thread_blocked, id=9160, stack(0x0000000019750000,0x0000000019850000)]
  0x0000000018df6800 JavaThread "Signal Dispatcher" daemon [_thread_blocked, id=13776, stack(0x0000000019650000,0x0000000019750000)]
  0x0000000018df5800 JavaThread "Surrogate Locker Thread (Concurrent GC)" daemon [_thread_blocked, id=12800, stack(0x0000000019550000,0x0000000019650000)]
  0x0000000018d97800 JavaThread "Finalizer" daemon [_thread_blocked, id=2712, stack(0x00000000191f0000,0x00000000192f0000)]
  0x0000000018d90800 JavaThread "Reference Handler" daemon [_thread_blocked, id=9904, stack(0x00000000190f0000,0x00000000191f0000)]
  0x0000000002fc2800 JavaThread "main" [_thread_blocked, id=13720, stack(0x0000000002b50000,0x0000000002c50000)]

Other Threads:
  0x0000000018d87000 VMThread [stack: 0x0000000018b10000,0x0000000018c10000] [id=13680]
  0x0000000018e18800 WatcherThread [stack: 0x0000000019c50000,0x0000000019d50000] [id=13168]

VM state:not at safepoint (normal execution)

VM Mutex/Monitor currently owned by a thread: None

Heap:
 garbage-first heap   total 65536K, used 28160K [0x00000000c0000000, 0x00000000c0100200, 0x0000000100000000)
  region size 1024K, 9 young (9216K), 1 survivors (1024K)
 Metaspace       used 30360K, capacity 31684K, committed 31996K, reserved 1077248K
  class space    used 3141K, capacity 3539K, committed 3584K, reserved 1048576K

Heap Regions: (Y=young(eden), SU=young(survivor), HS=humongous(starts), HC=humongous(continues), CS=collection set, F=free, TS=gc time stamp, PTAMS=previous top-at-mark-start, NTAMS=next top-at-mark-start)
AC   0  O    TS     0 PTAMS 0x00000000c0100000 NTAMS 0x00000000c0100000 space 1024K, 100% used [0x00000000c0000000, 0x00000000c0100000)
AC   0  O    TS     0 PTAMS 0x00000000c0200000 NTAMS 0x00000000c0200000 space 1024K, 100% used [0x00000000c0100000, 0x00000000c0200000)
AC   0  O    TS     0 PTAMS 0x00000000c0300000 NTAMS 0x00000000c0300000 space 1024K, 100% used [0x00000000c0200000, 0x00000000c0300000)
AC   0  F    TS     0 PTAMS 0x00000000c0300000 NTAMS 0x00000000c0300000 space 1024K,   0% used [0x00000000c0300000, 0x00000000c0400000)
AC   0  F    TS     0 PTAMS 0x00000000c0400000 NTAMS 0x00000000c0400000 space 1024K,   0% used [0x00000000c0400000, 0x00000000c0500000)
AC   0  O    TS     0 PTAMS 0x00000000c0600000 NTAMS 0x00000000c0600000 space 1024K, 100% used [0x00000000c0500000, 0x00000000c0600000)
AC   0  O    TS     0 PTAMS 0x00000000c0700000 NTAMS 0x00000000c0700000 space 1024K, 100% used [0x00000000c0600000, 0x00000000c0700000)
AC   0  O    TS     1 PTAMS 0x00000000c0780008 NTAMS 0x00000000c0780008 space 1024K, 100% used [0x00000000c0700000, 0x00000000c0800000)
AC   0  O    TS     1 PTAMS 0x00000000c0800000 NTAMS 0x00000000c0800000 space 1024K, 100% used [0x00000000c0800000, 0x00000000c0900000)
AC   0  O    TS     1 PTAMS 0x00000000c0900000 NTAMS 0x00000000c0900000 space 1024K, 100% used [0x00000000c0900000, 0x00000000c0a00000)
AC   0  O    TS     1 PTAMS 0x00000000c0a00000 NTAMS 0x00000000c0a00000 space 1024K, 100% used [0x00000000c0a00000, 0x00000000c0b00000)
AC   0  O    TS     0 PTAMS 0x00000000c0c00000 NTAMS 0x00000000c0c00000 space 1024K, 100% used [0x00000000c0b00000, 0x00000000c0c00000)
AC   0  O    TS     0 PTAMS 0x00000000c0d00000 NTAMS 0x00000000c0d00000 space 1024K, 100% used [0x00000000c0c00000, 0x00000000c0d00000)
AC   0  O    TS     0 PTAMS 0x00000000c0e00000 NTAMS 0x00000000c0e00000 space 1024K, 100% used [0x00000000c0d00000, 0x00000000c0e00000)
AC   0  O    TS     0 PTAMS 0x00000000c0f00000 NTAMS 0x00000000c0f00000 space 1024K, 100% used [0x00000000c0e00000, 0x00000000c0f00000)
AC   0  O    TS     1 PTAMS 0x00000000c0f00000 NTAMS 0x00000000c0f00000 space 1024K, 100% used [0x00000000c0f00000, 0x00000000c1000000)
AC   0  O    TS     1 PTAMS 0x00000000c1000000 NTAMS 0x00000000c1000000 space 1024K, 100% used [0x00000000c1000000, 0x00000000c1100000)
AC   0  O    TS     3 PTAMS 0x00000000c1100000 NTAMS 0x00000000c1100000 space 1024K, 100% used [0x00000000c1100000, 0x00000000c1200000)
AC   0  O    TS     3 PTAMS 0x00000000c1200000 NTAMS 0x00000000c1200000 space 1024K, 100% used [0x00000000c1200000, 0x00000000c1300000)
AC   0  O    TS     3 PTAMS 0x00000000c1300000 NTAMS 0x00000000c1300000 space 1024K, 100% used [0x00000000c1300000, 0x00000000c1400000)
AC   0  O    TS     3 PTAMS 0x00000000c1400000 NTAMS 0x00000000c1400000 space 1024K, 100% used [0x00000000c1400000, 0x00000000c1500000)
AC   0  F    TS     1 PTAMS 0x00000000c1500000 NTAMS 0x00000000c1500000 space 1024K,   0% used [0x00000000c1500000, 0x00000000c1600000)
AC   0  O    TS     3 PTAMS 0x00000000c1600000 NTAMS 0x00000000c1600000 space 1024K,  50% used [0x00000000c1600000, 0x00000000c1700000)
AC   0  F    TS     0 PTAMS 0x00000000c1700000 NTAMS 0x00000000c1700000 space 1024K,   0% used [0x00000000c1700000, 0x00000000c1800000)
AC   0  F    TS     0 PTAMS 0x00000000c1800000 NTAMS 0x00000000c1800000 space 1024K,   0% used [0x00000000c1800000, 0x00000000c1900000)
AC   0  F    TS     0 PTAMS 0x00000000c1900000 NTAMS 0x00000000c1900000 space 1024K,   0% used [0x00000000c1900000, 0x00000000c1a00000)
AC   0  F    TS     0 PTAMS 0x00000000c1a00000 NTAMS 0x00000000c1a00000 space 1024K,   0% used [0x00000000c1a00000, 0x00000000c1b00000)
AC   0  F    TS     1 PTAMS 0x00000000c1b00000 NTAMS 0x00000000c1b00000 space 1024K,   0% used [0x00000000c1b00000, 0x00000000c1c00000)
AC   0  F    TS     1 PTAMS 0x00000000c1c00000 NTAMS 0x00000000c1c00000 space 1024K,   0% used [0x00000000c1c00000, 0x00000000c1d00000)
AC   0  F    TS     1 PTAMS 0x00000000c1d00000 NTAMS 0x00000000c1d00000 space 1024K,   0% used [0x00000000c1d00000, 0x00000000c1e00000)
AC   0  F    TS     1 PTAMS 0x00000000c1e00000 NTAMS 0x00000000c1e00000 space 1024K,   0% used [0x00000000c1e00000, 0x00000000c1f00000)
AC   0  F    TS     0 PTAMS 0x00000000c1f00000 NTAMS 0x00000000c1f00000 space 1024K,   0% used [0x00000000c1f00000, 0x00000000c2000000)
AC   0  F    TS     0 PTAMS 0x00000000c2000000 NTAMS 0x00000000c2000000 space 1024K,   0% used [0x00000000c2000000, 0x00000000c2100000)
AC   0  F    TS     0 PTAMS 0x00000000c2100000 NTAMS 0x00000000c2100000 space 1024K,   0% used [0x00000000c2100000, 0x00000000c2200000)
AC   0  F    TS     0 PTAMS 0x00000000c2200000 NTAMS 0x00000000c2200000 space 1024K,   0% used [0x00000000c2200000, 0x00000000c2300000)
AC   0  F    TS     0 PTAMS 0x00000000c2300000 NTAMS 0x00000000c2300000 space 1024K,   0% used [0x00000000c2300000, 0x00000000c2400000)
AC   0  F    TS     0 PTAMS 0x00000000c2400000 NTAMS 0x00000000c2400000 space 1024K,   0% used [0x00000000c2400000, 0x00000000c2500000)
AC   0  F    TS     0 PTAMS 0x00000000c2500000 NTAMS 0x00000000c2500000 space 1024K,   0% used [0x00000000c2500000, 0x00000000c2600000)
AC   0  F    TS     0 PTAMS 0x00000000c2600000 NTAMS 0x00000000c2600000 space 1024K,   0% used [0x00000000c2600000, 0x00000000c2700000)
AC   0  F    TS     0 PTAMS 0x00000000c2700000 NTAMS 0x00000000c2700000 space 1024K,   0% used [0x00000000c2700000, 0x00000000c2800000)
AC   0  F    TS     0 PTAMS 0x00000000c2800000 NTAMS 0x00000000c2800000 space 1024K,   0% used [0x00000000c2800000, 0x00000000c2900000)
AC   0  F    TS     0 PTAMS 0x00000000c2900000 NTAMS 0x00000000c2900000 space 1024K,   0% used [0x00000000c2900000, 0x00000000c2a00000)
AC   0  F    TS     0 PTAMS 0x00000000c2a00000 NTAMS 0x00000000c2a00000 space 1024K,   0% used [0x00000000c2a00000, 0x00000000c2b00000)
AC   0  F    TS     0 PTAMS 0x00000000c2b00000 NTAMS 0x00000000c2b00000 space 1024K,   0% used [0x00000000c2b00000, 0x00000000c2c00000)
AC   0  F    TS     0 PTAMS 0x00000000c2c00000 NTAMS 0x00000000c2c00000 space 1024K,   0% used [0x00000000c2c00000, 0x00000000c2d00000)
AC   0  F    TS     0 PTAMS 0x00000000c2d00000 NTAMS 0x00000000c2d00000 space 1024K,   0% used [0x00000000c2d00000, 0x00000000c2e00000)
AC   0  F    TS     0 PTAMS 0x00000000c2e00000 NTAMS 0x00000000c2e00000 space 1024K,   0% used [0x00000000c2e00000, 0x00000000c2f00000)
AC   0  F    TS     0 PTAMS 0x00000000c2f00000 NTAMS 0x00000000c2f00000 space 1024K,   0% used [0x00000000c2f00000, 0x00000000c3000000)
AC   0  F    TS     0 PTAMS 0x00000000c3000000 NTAMS 0x00000000c3000000 space 1024K,   0% used [0x00000000c3000000, 0x00000000c3100000)
AC   0  F    TS     0 PTAMS 0x00000000c3100000 NTAMS 0x00000000c3100000 space 1024K,   0% used [0x00000000c3100000, 0x00000000c3200000)
AC   0  F    TS     0 PTAMS 0x00000000c3200000 NTAMS 0x00000000c3200000 space 1024K,   0% used [0x00000000c3200000, 0x00000000c3300000)
AC   0  F    TS     0 PTAMS 0x00000000c3300000 NTAMS 0x00000000c3300000 space 1024K,   0% used [0x00000000c3300000, 0x00000000c3400000)
AC   0  F    TS     0 PTAMS 0x00000000c3400000 NTAMS 0x00000000c3400000 space 1024K,   0% used [0x00000000c3400000, 0x00000000c3500000)
AC   0  F    TS     0 PTAMS 0x00000000c3500000 NTAMS 0x00000000c3500000 space 1024K,   0% used [0x00000000c3500000, 0x00000000c3600000)
AC   0  F    TS     0 PTAMS 0x00000000c3600000 NTAMS 0x00000000c3600000 space 1024K,   0% used [0x00000000c3600000, 0x00000000c3700000)
AC   0  E    TS     0 PTAMS 0x00000000c3700000 NTAMS 0x00000000c3700000 space 1024K,  85% used [0x00000000c3700000, 0x00000000c3800000)
AC   0  E CS TS     0 PTAMS 0x00000000c3800000 NTAMS 0x00000000c3800000 space 1024K, 100% used [0x00000000c3800000, 0x00000000c3900000)
AC   0  E CS TS     0 PTAMS 0x00000000c3900000 NTAMS 0x00000000c3900000 space 1024K, 100% used [0x00000000c3900000, 0x00000000c3a00000)
AC   0  E CS TS     0 PTAMS 0x00000000c3a00000 NTAMS 0x00000000c3a00000 space 1024K, 100% used [0x00000000c3a00000, 0x00000000c3b00000)
AC   0  E CS TS     0 PTAMS 0x00000000c3b00000 NTAMS 0x00000000c3b00000 space 1024K, 100% used [0x00000000c3b00000, 0x00000000c3c00000)
AC   0  E CS TS     0 PTAMS 0x00000000c3c00000 NTAMS 0x00000000c3c00000 space 1024K, 100% used [0x00000000c3c00000, 0x00000000c3d00000)
AC   0  E CS TS     0 PTAMS 0x00000000c3d00000 NTAMS 0x00000000c3d00000 space 1024K, 100% used [0x00000000c3d00000, 0x00000000c3e00000)
AC   0  S CS TS     3 PTAMS 0x00000000c3e00000 NTAMS 0x00000000c3e00000 space 1024K, 100% used [0x00000000c3e00000, 0x00000000c3f00000)
AC   0  E CS TS     0 PTAMS 0x00000000c3f00000 NTAMS 0x00000000c3f00000 space 1024K, 100% used [0x00000000c3f00000, 0x00000000c4000000)

Card table byte_map: [0x00000000135c0000,0x00000000137c0000] byte_map_base: 0x0000000012fc0000

Marking Bits (Prev, Next): (CMBitMap*) 0x0000000003001ef8, (CMBitMap*) 0x0000000003001f50
 Prev Bits: [0x00000000139c0000, 0x00000000149c0000)
 Next Bits: [0x00000000149c0000, 0x00000000159c0000)

Polling page: 0x00000000011d0000

CodeCache: size=245760Kb used=8999Kb max_used=9012Kb free=236760Kb
 bounds [0x00000000030c0000, 0x00000000039a0000, 0x00000000120c0000]
 total_blobs=3118 nmethods=2613 adapters=416
 compilation: enabled

Compilation events (10 events):
Event: 21.690 Thread 0x0000000018e02800 2783       1       java.net.URI::getScheme (5 bytes)
Event: 21.690 Thread 0x0000000018e02800 nmethod 2783 0x0000000003988f10 code [0x0000000003989060, 0x0000000003989170]
Event: 21.690 Thread 0x0000000018e02800 2784       3       org.eclipse.core.runtime.Path::toFile (12 bytes)
Event: 21.691 Thread 0x0000000018e02800 nmethod 2784 0x00000000039891d0 code [0x0000000003989340, 0x0000000003989578]
Event: 21.699 Thread 0x0000000018e02800 2785       3       java.io.File::<init> (20 bytes)
Event: 21.700 Thread 0x0000000018e02800 nmethod 2785 0x0000000003989650 code [0x00000000039897c0, 0x00000000039899f0]
Event: 21.700 Thread 0x0000000018e02800 2786       3       org.eclipse.core.runtime.Assert::isTrue (30 bytes)
Event: 21.701 Thread 0x0000000018e02800 nmethod 2786 0x0000000003989a90 code [0x0000000003989c80, 0x000000000398a598]
Event: 21.715 Thread 0x0000000018e02800 2787       3       java.io.File::getParentFile (24 bytes)
Event: 21.715 Thread 0x0000000018e02800 nmethod 2787 0x000000000398aa50 code [0x000000000398abe0, 0x000000000398af48]

GC Heap History (10 events):
Event: 8.933 GC heap before
{Heap before GC invocations=2 (full 0):
 garbage-first heap   total 65536K, used 40866K [0x00000000c0000000, 0x00000000c0100200, 0x0000000100000000)
  region size 1024K, 34 young (34816K), 3 survivors (3072K)
 Metaspace       used 19467K, capacity 20634K, committed 20864K, reserved 1067008K
  class space    used 1964K, capacity 2312K, committed 2432K, reserved 1048576K
Event: 8.956 GC heap after
Heap after GC invocations=3 (full 0):
 garbage-first heap   total 65536K, used 16896K [0x00000000c0000000, 0x00000000c0100200, 0x0000000100000000)
  region size 1024K, 5 young (5120K), 5 survivors (5120K)
 Metaspace       used 19467K, capacity 20634K, committed 20864K, reserved 1067008K
  class space    used 1964K, capacity 2312K, committed 2432K, reserved 1048576K
}
Event: 12.205 GC heap before
{Heap before GC invocations=3 (full 0):
 garbage-first heap   total 65536K, used 18944K [0x00000000c0000000, 0x00000000c0100200, 0x0000000100000000)
  region size 1024K, 8 young (8192K), 5 survivors (5120K)
 Metaspace       used 19984K, capacity 21082K, committed 21296K, reserved 1069056K
  class space    used 2001K, capacity 2312K, committed 2432K, reserved 1048576K
Event: 12.216 GC heap after
Heap after GC invocations=4 (full 0):
 garbage-first heap   total 65536K, used 18943K [0x00000000c0000000, 0x00000000c0100200, 0x0000000100000000)
  region size 1024K, 4 young (4096K), 4 survivors (4096K)
 Metaspace       used 19984K, capacity 21082K, committed 21296K, reserved 1069056K
  class space    used 2001K, capacity 2312K, committed 2432K, reserved 1048576K
}
Event: 20.067 GC heap before
{Heap before GC invocations=5 (full 0):
 garbage-first heap   total 65536K, used 46591K [0x00000000c0000000, 0x00000000c0100200, 0x0000000100000000)
  region size 1024K, 37 young (37888K), 4 survivors (4096K)
 Metaspace       used 24757K, capacity 25872K, committed 26236K, reserved 1073152K
  class space    used 2488K, capacity 2844K, committed 2944K, reserved 1048576K
Event: 20.080 GC heap after
Heap after GC invocations=6 (full 0):
 garbage-first heap   total 65536K, used 16896K [0x00000000c0000000, 0x00000000c0100200, 0x0000000100000000)
  region size 1024K, 5 young (5120K), 5 survivors (5120K)
 Metaspace       used 24757K, capacity 25872K, committed 26236K, reserved 1073152K
  class space    used 2488K, capacity 2844K, committed 2944K, reserved 1048576K
}
Event: 21.153 GC heap before
{Heap before GC invocations=7 (full 0):
 garbage-first heap   total 65536K, used 50688K [0x00000000c0000000, 0x00000000c0100200, 0x0000000100000000)
  region size 1024K, 38 young (38912K), 5 survivors (5120K)
 Metaspace       used 28773K, capacity 29930K, committed 30332K, reserved 1077248K
  class space    used 2970K, capacity 3339K, committed 3456K, reserved 1048576K
Event: 21.168 GC heap after
Heap after GC invocations=8 (full 0):
 garbage-first heap   total 65536K, used 23040K [0x00000000c0000000, 0x00000000c0100200, 0x0000000100000000)
  region size 1024K, 5 young (5120K), 5 survivors (5120K)
 Metaspace       used 28773K, capacity 29930K, committed 30332K, reserved 1077248K
  class space    used 2970K, capacity 3339K, committed 3456K, reserved 1048576K
}
Event: 21.222 GC heap before
{Heap before GC invocations=8 (full 0):
 garbage-first heap   total 65536K, used 24064K [0x00000000c0000000, 0x00000000c0100200, 0x0000000100000000)
  region size 1024K, 6 young (6144K), 5 survivors (5120K)
 Metaspace       used 29142K, capacity 30282K, committed 30588K, reserved 1077248K
  class space    used 2996K, capacity 3371K, committed 3456K, reserved 1048576K
Event: 21.230 GC heap after
Heap after GC invocations=9 (full 0):
 garbage-first heap   total 65536K, used 20992K [0x00000000c0000000, 0x00000000c0100200, 0x0000000100000000)
  region size 1024K, 1 young (1024K), 1 survivors (1024K)
 Metaspace       used 29142K, capacity 30282K, committed 30588K, reserved 1077248K
  class space    used 2996K, capacity 3371K, committed 3456K, reserved 1048576K
}

Deoptimization events (10 events):
Event: 19.720 Thread 0x000000001ab61000 Uncommon trap: reason=unstable_if action=reinterpret pc=0x0000000003597d34 method=java.util.ArrayList.indexOf(Ljava/lang/Object;)I @ 1
Event: 19.759 Thread 0x000000001ab61000 Uncommon trap: reason=unstable_if action=reinterpret pc=0x00000000037e39cc method=sun.nio.cs.StreamDecoder.implRead([CII)I @ 197
Event: 19.759 Thread 0x000000001ab61000 Uncommon trap: reason=unstable_if action=reinterpret pc=0x00000000037a8cac method=java.io.Reader.read()I @ 12
Event: 19.763 Thread 0x000000001ab61000 Uncommon trap: reason=unstable_if action=reinterpret pc=0x00000000037eea48 method=org.codehaus.plexus.util.xml.pull.MXParser.nextImpl()I @ 241
Event: 19.765 Thread 0x000000001ab61000 Uncommon trap: reason=unstable_if action=reinterpret pc=0x00000000037ea308 method=sun.nio.cs.StreamDecoder.implRead([CII)I @ 197
Event: 19.765 Thread 0x000000001ab61000 Uncommon trap: reason=unstable_if action=reinterpret pc=0x00000000037a8780 method=java.io.Reader.read()I @ 12
Event: 19.771 Thread 0x000000001ab61000 Uncommon trap: reason=unstable_if action=reinterpret pc=0x00000000037fd3c4 method=sun.nio.cs.StreamDecoder.implRead([CII)I @ 197
Event: 20.083 Thread 0x0000000018d97800 Uncommon trap: reason=unstable_if action=reinterpret pc=0x00000000036c6800 method=java.util.WeakHashMap.expungeStaleEntries()V @ 9
Event: 20.958 Thread 0x000000001b1a7800 Uncommon trap: reason=unstable_if action=reinterpret pc=0x00000000037d7d08 method=org.eclipse.jdt.internal.compiler.parser.Scanner.getNextToken0()I @ 186
Event: 20.958 Thread 0x000000001b1a7800 Uncommon trap: reason=unstable_if action=reinterpret pc=0x00000000037d1da8 method=org.eclipse.jdt.internal.compiler.parser.Scanner.getNextToken()I @ 80

Classes redefined (0 events):
No events

Internal exceptions (10 events):
Event: 21.566 Thread 0x000000001aebf800 Exception <a 'sun/nio/fs/WindowsException'> (0x00000000c380ef48) thrown at [C:\re\workspace\8-2-build-windows-amd64-cygwin\jdk8u171\10807\hotspot\src\share\vm\prims\jni.cpp, line 709]
Event: 21.629 Thread 0x000000001aebf800 Exception <a 'sun/nio/fs/WindowsException'> (0x00000000c3812280) thrown at [C:\re\workspace\8-2-build-windows-amd64-cygwin\jdk8u171\10807\hotspot\src\share\vm\prims\jni.cpp, line 709]
Event: 21.667 Thread 0x000000001aebf800 Exception <a 'sun/nio/fs/WindowsException'> (0x00000000c3835a58) thrown at [C:\re\workspace\8-2-build-windows-amd64-cygwin\jdk8u171\10807\hotspot\src\share\vm\prims\jni.cpp, line 709]
Event: 21.668 Thread 0x000000001aebf800 Exception <a 'sun/nio/fs/WindowsException'> (0x00000000c38fa6d8) thrown at [C:\re\workspace\8-2-build-windows-amd64-cygwin\jdk8u171\10807\hotspot\src\share\vm\prims\jni.cpp, line 709]
Event: 21.684 Thread 0x000000001aebf800 Exception <a 'sun/nio/fs/WindowsException'> (0x00000000c371de10) thrown at [C:\re\workspace\8-2-build-windows-amd64-cygwin\jdk8u171\10807\hotspot\src\share\vm\prims\jni.cpp, line 709]
Event: 21.685 Thread 0x000000001aebf800 Exception <a 'sun/nio/fs/WindowsException'> (0x00000000c371f8c0) thrown at [C:\re\workspace\8-2-build-windows-amd64-cygwin\jdk8u171\10807\hotspot\src\share\vm\prims\jni.cpp, line 709]
Event: 21.694 Thread 0x000000001aebf800 Exception <a 'sun/nio/fs/WindowsException'> (0x00000000c3742e20) thrown at [C:\re\workspace\8-2-build-windows-amd64-cygwin\jdk8u171\10807\hotspot\src\share\vm\prims\jni.cpp, line 709]
Event: 21.695 Thread 0x000000001aebf800 Exception <a 'sun/nio/fs/WindowsException'> (0x00000000c37448e0) thrown at [C:\re\workspace\8-2-build-windows-amd64-cygwin\jdk8u171\10807\hotspot\src\share\vm\prims\jni.cpp, line 709]
Event: 21.705 Thread 0x000000001aebf800 Exception <a 'sun/nio/fs/WindowsException'> (0x00000000c3767ee0) thrown at [C:\re\workspace\8-2-build-windows-amd64-cygwin\jdk8u171\10807\hotspot\src\share\vm\prims\jni.cpp, line 709]
Event: 21.706 Thread 0x000000001aebf800 Exception <a 'sun/nio/fs/WindowsException'> (0x00000000c3769998) thrown at [C:\re\workspace\8-2-build-windows-amd64-cygwin\jdk8u171\10807\hotspot\src\share\vm\prims\jni.cpp, line 709]

Events (10 events):
Event: 21.629 loading class java/util/concurrent/ConcurrentHashMap$BaseIterator
Event: 21.629 loading class java/util/concurrent/ConcurrentHashMap$Traverser
Event: 21.629 loading class java/util/concurrent/ConcurrentHashMap$Traverser done
Event: 21.629 loading class java/util/concurrent/ConcurrentHashMap$BaseIterator done
Event: 21.629 loading class java/util/concurrent/ConcurrentHashMap$ValueIterator done
Event: 21.629 loading class sun/nio/fs/WindowsSecurityDescriptor done
Event: 21.629 loading class java/nio/file/FileAlreadyExistsException
Event: 21.630 loading class java/nio/file/FileAlreadyExistsException done
Event: 21.715 Executing VM operation: RevokeBias
Event: 21.715 Executing VM operation: RevokeBias done


Dynamic libraries:
0x000007f78b590000 - 0x000007f78b5c7000 	C:\Program Files\Java\jdk1.8.0_171\bin\java.exe
0x000007ffa7df0000 - 0x000007ffa7fae000 	C:\Windows\SYSTEM32\ntdll.dll
0x000007ffa5690000 - 0x000007ffa57c6000 	C:\Windows\system32\KERNEL32.DLL
0x000007ffa4df0000 - 0x000007ffa4ee3000 	C:\Windows\system32\KERNELBASE.dll
0x000007ffa5a60000 - 0x000007ffa5b3e000 	C:\Windows\system32\ADVAPI32.dll
0x000007ffa77c0000 - 0x000007ffa790c000 	C:\Windows\system32\USER32.dll
0x000007ffa27a0000 - 0x000007ffa2a09000 	C:\Windows\WinSxS\amd64_microsoft.windows.common-controls_6595b64144ccf1df_6.0.9200.16384_none_418c2a697189c07f\COMCTL32.dll
0x000007ffa7130000 - 0x000007ffa71d5000 	C:\Windows\system32\msvcrt.dll
0x000007ffa57d0000 - 0x000007ffa5818000 	C:\Windows\SYSTEM32\sechost.dll
0x000007ffa7b50000 - 0x000007ffa7c90000 	C:\Windows\system32\RPCRT4.dll
0x000007ffa5550000 - 0x000007ffa5690000 	C:\Windows\system32\GDI32.dll
0x000007ffa59b0000 - 0x000007ffa59e9000 	C:\Windows\system32\IMM32.DLL
0x000007ffa5260000 - 0x000007ffa5374000 	C:\Windows\system32\MSCTF.dll
0x0000000057750000 - 0x0000000057822000 	C:\Program Files\Java\jdk1.8.0_171\jre\bin\msvcr100.dll
0x0000000052070000 - 0x0000000052910000 	C:\Program Files\Java\jdk1.8.0_171\jre\bin\server\jvm.dll
0x000007ffa2220000 - 0x000007ffa2229000 	C:\Windows\SYSTEM32\WSOCK32.dll
0x000007ff9eff0000 - 0x000007ff9f010000 	C:\Windows\SYSTEM32\WINMM.dll
0x000007ffa3e80000 - 0x000007ffa3e89000 	C:\Windows\SYSTEM32\VERSION.dll
0x000007ffa5b40000 - 0x000007ffa5b47000 	C:\Windows\system32\PSAPI.DLL
0x000007ffa7410000 - 0x000007ffa7468000 	C:\Windows\system32\WS2_32.dll
0x000007ff9ef80000 - 0x000007ff9efb2000 	C:\Windows\SYSTEM32\WINMMBASE.dll
0x000007ffa6e50000 - 0x000007ffa6e59000 	C:\Windows\system32\NSI.dll
0x0000000057740000 - 0x000000005774f000 	C:\Program Files\Java\jdk1.8.0_171\jre\bin\verify.dll
0x0000000057710000 - 0x0000000057739000 	C:\Program Files\Java\jdk1.8.0_171\jre\bin\java.dll
0x00000000576f0000 - 0x0000000057706000 	C:\Program Files\Java\jdk1.8.0_171\jre\bin\zip.dll
0x000007ffa5b50000 - 0x000007ffa6e34000 	C:\Windows\system32\SHELL32.dll
0x000007ffa53a0000 - 0x000007ffa5550000 	C:\Windows\SYSTEM32\combase.dll
0x000007ffa7080000 - 0x000007ffa70d0000 	C:\Windows\system32\SHLWAPI.dll
0x000007ffa2f30000 - 0x000007ffa2fc6000 	C:\Windows\SYSTEM32\SHCORE.dll
0x000007ffa4d20000 - 0x000007ffa4d35000 	C:\Windows\SYSTEM32\profapi.dll
0x000007ffa45d0000 - 0x000007ffa45ea000 	C:\Windows\SYSTEM32\CRYPTSP.dll
0x000007ffa4250000 - 0x000007ffa4299000 	C:\Windows\system32\rsaenh.dll
0x000007ffa4350000 - 0x000007ffa436f000 	C:\Windows\SYSTEM32\USERENV.dll
0x000007ffa4b60000 - 0x000007ffa4b6a000 	C:\Windows\SYSTEM32\CRYPTBASE.dll
0x000007ffa4b00000 - 0x000007ffa4b5c000 	C:\Windows\SYSTEM32\bcryptPrimitives.dll
0x00000000576d0000 - 0x00000000576ea000 	C:\Program Files\Java\jdk1.8.0_171\jre\bin\net.dll
0x000007ffa4570000 - 0x000007ffa45cc000 	C:\Windows\system32\mswsock.dll
0x000007ffa3e50000 - 0x000007ffa3e7a000 	C:\Windows\SYSTEM32\IPHLPAPI.DLL
0x000007ffa3df0000 - 0x000007ffa3dfa000 	C:\Windows\SYSTEM32\WINNSI.DLL
0x000007ffa0bf0000 - 0x000007ffa0c03000 	C:\Windows\SYSTEM32\dhcpcsvc6.DLL
0x000007ffa2a10000 - 0x000007ffa2a28000 	C:\Windows\SYSTEM32\dhcpcsvc.DLL
0x0000000052050000 - 0x0000000052061000 	C:\Program Files\Java\jdk1.8.0_171\jre\bin\nio.dll
0x000007ff9e470000 - 0x000007ff9e499000 	C:\Users\SONY\.vscode\extensions\redhat.java-0.40.0\server\config_win\org.eclipse.equinox.launcher\org.eclipse.equinox.launcher.win32.win32.x86_64_1.1.1000.v20190125-2016\eclipse_1801.dll

VM Arguments:
jvm_args: -Declipse.application=org.eclipse.jdt.ls.core.id1 -Dosgi.bundles.defaultStartLevel=4 -Declipse.product=org.eclipse.jdt.ls.core.product -Dfile.encoding=utf8 -Xverify:none -Xmx1G -XX:+UseG1GC -XX:+UseStringDeduplication 
java_command: C:\Users\SONY\.vscode\extensions\redhat.java-0.40.0\server\plugins\org.eclipse.equinox.launcher_1.5.200.v20180922-1751.jar -configuration C:\Users\SONY\.vscode\extensions\redhat.java-0.40.0\server\config_win -data c:\Users\SONY\AppData\Roaming\Code\User\workspaceStorage\6ef37c6190bdb95a410ff950f06d7817\redhat.java\jdt_ws
java_class_path (initial): C:\Users\SONY\.vscode\extensions\redhat.java-0.40.0\server\plugins\org.eclipse.equinox.launcher_1.5.200.v20180922-1751.jar
Launcher Type: SUN_STANDARD

Environment Variables:
PATH=C:\Program Files (x86)\Common Files\Oracle\Java\javapath;C:\Program Files (x86)\Intel\iCLS Client\;C:\Program Files\Intel\iCLS Client\;C:\Program Files (x86)\AMD APP\bin\x86_64;C:\Program Files (x86)\AMD APP\bin\x86;C:\Windows\system32;C:\Windows;C:\Windows\System32\Wbem;C:\Windows\System32\WindowsPowerShell\v1.0\;C:\Program Files (x86)\ATI Technologies\ATI.ACE\Core-Static;C:\Program Files\Intel\Intel(R) Management Engine Components\DAL;C:\Program Files\Intel\Intel(R) Management Engine Components\IPT;C:\Program Files (x86)\Intel\Intel(R) Management Engine Components\DAL;C:\Program Files (x86)\Intel\Intel(R) Management Engine Components\IPT;C:\Program Files\Sony\VAIO Improvement\;C:\Program Files (x86)\Sony\VAIO Startup Setting Tool;C:\MinGW\MinGW\bin;C:\MinGW\MinGW\msys\1.0\bin;C:\Program Files\Java\jdk1.8.0_171\bin;C:\Users\SONY\AppData\Local\Programs\Microsoft VS Code\bin
USERNAME=SONY
OS=Windows_NT
PROCESSOR_IDENTIFIER=Intel64 Family 6 Model 58 Stepping 9, GenuineIntel



---------------  S Y S T E M  ---------------

OS: Windows 8 , 64 bit Build 9200 (6.2.9200.16384)

CPU:total 4 (initial active 4) (2 cores per cpu, 2 threads per core) family 6 model 58 stepping 9, cmov, cx8, fxsr, mmx, sse, sse2, sse3, ssse3, sse4.1, sse4.2, popcnt, avx, clmul, erms, ht, tsc, tscinvbit, tscinv

Memory: 4k page, physical 4140312k(1470524k free), swap 16723224k(4188k free)

vm_info: Java HotSpot(TM) 64-Bit Server VM (25.171-b11) for windows-amd64 JRE (1.8.0_171-b11), built on Mar 28 2018 16:06:12 by "java_re" with MS VC++ 10.0 (VS2010)

time: Wed May 27 23:53:58 2020
elapsed time: 21 seconds (0d 0h 0m 21s)

