#
# There is insufficient memory for the Java Runtime Environment to continue.
# Native memory allocation (malloc) failed to allocate 32744 bytes for ChunkPool::allocate
# Possible reasons:
#   The system is out of physical RAM or swap space
#   In 32 bit mode, the process size limit was hit
# Possible solutions:
#   Reduce memory load on the system
#   Increase physical memory or swap space
#   Check if swap backing store is full
#   Use 64 bit Java on a 64 bit OS
#   Decrease Java heap size (-Xmx/-Xms)
#   Decrease number of Java threads
#   Decrease Java thread stack sizes (-Xss)
#   Set larger code cache with -XX:ReservedCodeCacheSize=
# This output file may be truncated or incomplete.
#
#  Out of Memory Error (allocation.cpp:273), pid=9184, tid=0x00000000000022fc
#
# JRE version: Java(TM) SE Runtime Environment (8.0_171-b11) (build 1.8.0_171-b11)
# Java VM: Java HotSpot(TM) 64-Bit Server VM (25.171-b11 mixed mode windows-amd64 compressed oops)
# Failed to write core dump. Minidumps are not enabled by default on client versions of Windows
#

---------------  T H R E A D  ---------------

Current thread (0x00000000157c6800):  JavaThread "C2 CompilerThread1" daemon [_thread_in_native, id=8956, stack(0x0000000017070000,0x0000000017170000)]

Stack: [0x0000000017070000,0x0000000017170000]
[error occurred during error reporting (printing stack bounds), id 0xc0000005]

Native frames: (J=compiled Java code, j=interpreted, Vv=VM code, C=native code)


Current CompileTask:
C2:   4399  433 %     4       com.sun.tools.javac.file.ZipFileIndex$ZipDirectory::readEntry @ 102 (587 bytes)


---------------  P R O C E S S  ---------------

Java Threads: ( => current thread )
  0x0000000002d7d800 JavaThread "DestroyJavaVM" [_thread_blocked, id=2072, stack(0x0000000002bc0000,0x0000000002cc0000)]
  0x00000000157e0000 JavaThread "Service Thread" daemon [_thread_blocked, id=6704, stack(0x0000000017270000,0x0000000017370000)]
  0x00000000157cb800 JavaThread "C1 CompilerThread2" daemon [_thread_in_vm, id=8484, stack(0x0000000017170000,0x0000000017270000)]
=>0x00000000157c6800 JavaThread "C2 CompilerThread1" daemon [_thread_in_native, id=8956, stack(0x0000000017070000,0x0000000017170000)]
  0x00000000157c2800 JavaThread "C2 CompilerThread0" daemon [_thread_in_native, id=9928, stack(0x0000000016f70000,0x0000000017070000)]
  0x00000000157be000 JavaThread "Attach Listener" daemon [_thread_blocked, id=7088, stack(0x0000000016e70000,0x0000000016f70000)]
  0x00000000157bb000 JavaThread "Signal Dispatcher" daemon [_thread_blocked, id=5284, stack(0x0000000016d70000,0x0000000016e70000)]
  0x000000000315b000 JavaThread "Finalizer" daemon [_thread_blocked, id=6588, stack(0x0000000016a10000,0x0000000016b10000)]
  0x0000000015789800 JavaThread "Reference Handler" daemon [_thread_blocked, id=4204, stack(0x0000000016910000,0x0000000016a10000)]

Other Threads:
  0x0000000015788000 VMThread [stack: 0x0000000016810000,0x0000000016910000] [id=7476]
  0x00000000173b8800 WatcherThread [stack: 0x0000000017770000,0x0000000017870000] [id=4548]

VM state:not at safepoint (normal execution)

VM Mutex/Monitor currently owned by a thread: None

Heap:
 PSYoungGen      total 7680K, used 2325K [0x00000000eaf00000, 0x00000000eba80000, 0x0000000100000000)
  eden space 3584K, 44% used [0x00000000eaf00000,0x00000000eb08d400,0x00000000eb280000)
  from space 4096K, 17% used [0x00000000eb680000,0x00000000eb738000,0x00000000eba80000)
  to   space 4096K, 0% used [0x00000000eb280000,0x00000000eb280000,0x00000000eb680000)
 ParOldGen       total 9216K, used 5420K [0x00000000c0c00000, 0x00000000c1500000, 0x00000000eaf00000)
  object space 9216K, 58% used [0x00000000c0c00000,0x00000000c114b0b8,0x00000000c1500000)
 Metaspace       used 7485K, capacity 8308K, committed 8448K, reserved 1056768K
  class space    used 906K, capacity 944K, committed 1024K, reserved 1048576K

Card table byte_map: [0x0000000012520000,0x0000000012720000] byte_map_base: 0x0000000011f1a000

Marking Bits: (ParMarkBitMap*) 0x000000005f0708c0
 Begin Bits: [0x0000000012c80000, 0x0000000013c50000)
 End Bits:   [0x0000000013c50000, 0x0000000014c20000)

Polling page: 0x0000000002ac0000

CodeCache: size=245760Kb used=2461Kb max_used=2461Kb free=243298Kb
 bounds [0x0000000003160000, 0x00000000033d0000, 0x0000000012160000]
 total_blobs=821 nmethods=535 adapters=199
 compilation: enabled

Compilation events (10 events):
Event: 4.129 Thread 0x00000000157cb800  531       3       com.sun.tools.javac.jvm.ClassReader::sigToType (880 bytes)
Event: 4.134 Thread 0x00000000157cb800 nmethod 531 0x00000000033c5890 code [0x00000000033c5e60, 0x00000000033c9498]
Event: 4.134 Thread 0x00000000157cb800  532       3       com.sun.tools.javac.code.Type::hasTag (14 bytes)
Event: 4.134 Thread 0x00000000157cb800 nmethod 532 0x00000000033c0210 code [0x00000000033c0380, 0x00000000033c05e8]
Event: 4.144 Thread 0x00000000157cb800  533       3       com.sun.tools.javac.jvm.ClassReader::getChar (28 bytes)
Event: 4.144 Thread 0x00000000157cb800 nmethod 533 0x00000000033bfe10 code [0x00000000033bff60, 0x00000000033c0110]
Event: 4.144 Thread 0x00000000157cb800  534       3       com.sun.tools.javac.util.Names::fromUtf (11 bytes)
Event: 4.145 Thread 0x00000000157cb800 nmethod 534 0x00000000033c2850 code [0x00000000033c29c0, 0x00000000033c2be8]
Event: 4.145 Thread 0x00000000157cb800  535       3       com.sun.tools.javac.code.Type$ClassType::getTag (4 bytes)
Event: 4.145 Thread 0x00000000157cb800 nmethod 535 0x00000000033b6f90 code [0x00000000033b70e0, 0x00000000033b7230]

GC Heap History (10 events):
Event: 3.808 GC heap before
{Heap before GC invocations=7 (full 0):
 PSYoungGen      total 3072K, used 2998K [0x00000000eaf00000, 0x00000000ebb00000, 0x0000000100000000)
  eden space 1536K, 97% used [0x00000000eaf00000,0x00000000eb074868,0x00000000eb080000)
  from space 1536K, 98% used [0x00000000eb380000,0x00000000eb4f9288,0x00000000eb500000)
  to   space 3072K, 0% used [0x00000000eb080000,0x00000000eb080000,0x00000000eb380000)
 ParOldGen       total 5632K, used 3366K [0x00000000c0c00000, 0x00000000c1180000, 0x00000000eaf00000)
  object space 5632K, 59% used [0x00000000c0c00000,0x00000000c0f49b98,0x00000000c1180000)
 Metaspace       used 7280K, capacity 8084K, committed 8448K, reserved 1056768K
  class space    used 888K, capacity 912K, committed 1024K, reserved 1048576K
Event: 3.811 GC heap after
Heap after GC invocations=7 (full 0):
 PSYoungGen      total 4608K, used 2487K [0x00000000eaf00000, 0x00000000eb800000, 0x0000000100000000)
  eden space 1536K, 0% used [0x00000000eaf00000,0x00000000eaf00000,0x00000000eb080000)
  from space 3072K, 80% used [0x00000000eb080000,0x00000000eb2ede80,0x00000000eb380000)
  to   space 3072K, 0% used [0x00000000eb500000,0x00000000eb500000,0x00000000eb800000)
 ParOldGen       total 5632K, used 3518K [0x00000000c0c00000, 0x00000000c1180000, 0x00000000eaf00000)
  object space 5632K, 62% used [0x00000000c0c00000,0x00000000c0f6fbd8,0x00000000c1180000)
 Metaspace       used 7280K, capacity 8084K, committed 8448K, reserved 1056768K
  class space    used 888K, capacity 912K, committed 1024K, reserved 1048576K
}
Event: 3.820 GC heap before
{Heap before GC invocations=8 (full 0):
 PSYoungGen      total 4608K, used 4023K [0x00000000eaf00000, 0x00000000eb800000, 0x0000000100000000)
  eden space 1536K, 100% used [0x00000000eaf00000,0x00000000eb080000,0x00000000eb080000)
  from space 3072K, 80% used [0x00000000eb080000,0x00000000eb2ede80,0x00000000eb380000)
  to   space 3072K, 0% used [0x00000000eb500000,0x00000000eb500000,0x00000000eb800000)
 ParOldGen       total 5632K, used 3518K [0x00000000c0c00000, 0x00000000c1180000, 0x00000000eaf00000)
  object space 5632K, 62% used [0x00000000c0c00000,0x00000000c0f6fbd8,0x00000000c1180000)
 Metaspace       used 7280K, capacity 8084K, committed 8448K, reserved 1056768K
  class space    used 888K, capacity 912K, committed 1024K, reserved 1048576K
Event: 3.823 GC heap after
Heap after GC invocations=8 (full 0):
 PSYoungGen      total 5120K, used 3047K [0x00000000eaf00000, 0x00000000eba00000, 0x0000000100000000)
  eden space 2048K, 0% used [0x00000000eaf00000,0x00000000eaf00000,0x00000000eb100000)
  from space 3072K, 99% used [0x00000000eb500000,0x00000000eb7f9e48,0x00000000eb800000)
  to   space 4096K, 0% used [0x00000000eb100000,0x00000000eb100000,0x00000000eb500000)
 ParOldGen       total 5632K, used 4102K [0x00000000c0c00000, 0x00000000c1180000, 0x00000000eaf00000)
  object space 5632K, 72% used [0x00000000c0c00000,0x00000000c1001be8,0x00000000c1180000)
 Metaspace       used 7280K, capacity 8084K, committed 8448K, reserved 1056768K
  class space    used 888K, capacity 912K, committed 1024K, reserved 1048576K
}
Event: 3.853 GC heap before
{Heap before GC invocations=9 (full 0):
 PSYoungGen      total 5120K, used 5095K [0x00000000eaf00000, 0x00000000eba00000, 0x0000000100000000)
  eden space 2048K, 100% used [0x00000000eaf00000,0x00000000eb100000,0x00000000eb100000)
  from space 3072K, 99% used [0x00000000eb500000,0x00000000eb7f9e48,0x00000000eb800000)
  to   space 4096K, 0% used [0x00000000eb100000,0x00000000eb100000,0x00000000eb500000)
 ParOldGen       total 5632K, used 4102K [0x00000000c0c00000, 0x00000000c1180000, 0x00000000eaf00000)
  object space 5632K, 72% used [0x00000000c0c00000,0x00000000c1001be8,0x00000000c1180000)
 Metaspace       used 7326K, capacity 8180K, committed 8448K, reserved 1056768K
  class space    used 893K, capacity 944K, committed 1024K, reserved 1048576K
Event: 3.858 GC heap after
Heap after GC invocations=9 (full 0):
 PSYoungGen      total 6144K, used 2896K [0x00000000eaf00000, 0x00000000eba80000, 0x0000000100000000)
  eden space 2048K, 0% used [0x00000000eaf00000,0x00000000eaf00000,0x00000000eb100000)
  from space 4096K, 70% used [0x00000000eb100000,0x00000000eb3d42d8,0x00000000eb500000)
  to   space 4096K, 0% used [0x00000000eb680000,0x00000000eb680000,0x00000000eba80000)
 ParOldGen       total 5632K, used 4911K [0x00000000c0c00000, 0x00000000c1180000, 0x00000000eaf00000)
  object space 5632K, 87% used [0x00000000c0c00000,0x00000000c10cbc08,0x00000000c1180000)
 Metaspace       used 7326K, capacity 8180K, committed 8448K, reserved 1056768K
  class space    used 893K, capacity 944K, committed 1024K, reserved 1048576K
}
Event: 3.858 GC heap before
{Heap before GC invocations=10 (full 1):
 PSYoungGen      total 6144K, used 2896K [0x00000000eaf00000, 0x00000000eba80000, 0x0000000100000000)
  eden space 2048K, 0% used [0x00000000eaf00000,0x00000000eaf00000,0x00000000eb100000)
  from space 4096K, 70% used [0x00000000eb100000,0x00000000eb3d42d8,0x00000000eb500000)
  to   space 4096K, 0% used [0x00000000eb680000,0x00000000eb680000,0x00000000eba80000)
 ParOldGen       total 5632K, used 4911K [0x00000000c0c00000, 0x00000000c1180000, 0x00000000eaf00000)
  object space 5632K, 87% used [0x00000000c0c00000,0x00000000c10cbc08,0x00000000c1180000)
 Metaspace       used 7326K, capacity 8180K, committed 8448K, reserved 1056768K
  class space    used 893K, capacity 944K, committed 1024K, reserved 1048576K
Event: 3.978 GC heap after
Heap after GC invocations=10 (full 1):
 PSYoungGen      total 6144K, used 741K [0x00000000eaf00000, 0x00000000eba80000, 0x0000000100000000)
  eden space 2048K, 0% used [0x00000000eaf00000,0x00000000eaf00000,0x00000000eb100000)
  from space 4096K, 18% used [0x00000000eb100000,0x00000000eb1b9570,0x00000000eb500000)
  to   space 4096K, 0% used [0x00000000eb680000,0x00000000eb680000,0x00000000eba80000)
 ParOldGen       total 9216K, used 5252K [0x00000000c0c00000, 0x00000000c1500000, 0x00000000eaf00000)
  object space 9216K, 56% used [0x00000000c0c00000,0x00000000c11210b8,0x00000000c1500000)
 Metaspace       used 7326K, capacity 8180K, committed 8448K, reserved 1056768K
  class space    used 893K, capacity 944K, committed 1024K, reserved 1048576K
}
Event: 3.998 GC heap before
{Heap before GC invocations=11 (full 1):
 PSYoungGen      total 6144K, used 2789K [0x00000000eaf00000, 0x00000000eba80000, 0x0000000100000000)
  eden space 2048K, 100% used [0x00000000eaf00000,0x00000000eb100000,0x00000000eb100000)
  from space 4096K, 18% used [0x00000000eb100000,0x00000000eb1b9570,0x00000000eb500000)
  to   space 4096K, 0% used [0x00000000eb680000,0x00000000eb680000,0x00000000eba80000)
 ParOldGen       total 9216K, used 5252K [0x00000000c0c00000, 0x00000000c1500000, 0x00000000eaf00000)
  object space 9216K, 56% used [0x00000000c0c00000,0x00000000c11210b8,0x00000000c1500000)
 Metaspace       used 7350K, capacity 8180K, committed 8448K, reserved 1056768K
  class space    used 895K, capacity 944K, committed 1024K, reserved 1048576K
Event: 4.001 GC heap after
Heap after GC invocations=11 (full 1):
 PSYoungGen      total 7680K, used 736K [0x00000000eaf00000, 0x00000000eba80000, 0x0000000100000000)
  eden space 3584K, 0% used [0x00000000eaf00000,0x00000000eaf00000,0x00000000eb280000)
  from space 4096K, 17% used [0x00000000eb680000,0x00000000eb738000,0x00000000eba80000)
  to   space 4096K, 0% used [0x00000000eb280000,0x00000000eb280000,0x00000000eb680000)
 ParOldGen       total 9216K, used 5420K [0x00000000c0c00000, 0x00000000c1500000, 0x00000000eaf00000)
  object space 9216K, 58% used [0x00000000c0c00000,0x00000000c114b0b8,0x00000000c1500000)
 Metaspace       used 7350K, capacity 8180K, committed 8448K, reserved 1056768K
  class space    used 895K, capacity 944K, committed 1024K, reserved 1048576K
}

Deoptimization events (4 events):
Event: 3.100 Thread 0x0000000002d7d800 Uncommon trap: reason=unstable_if action=reinterpret pc=0x00000000032e5fec method=java.lang.String.replace(CC)Ljava/lang/String; @ 26
Event: 3.108 Thread 0x0000000002d7d800 Uncommon trap: reason=class_check action=maybe_recompile pc=0x0000000003307d20 method=sun.misc.URLClassPath.getLoader(I)Lsun/misc/URLClassPath$Loader; @ 94
Event: 3.108 Thread 0x0000000002d7d800 Uncommon trap: reason=unstable_if action=reinterpret pc=0x0000000003303b30 method=java.lang.String.indexOf([CII[CIII)I @ 134
Event: 3.256 Thread 0x0000000002d7d800 Uncommon trap: reason=unstable_if action=reinterpret pc=0x000000000330fd78 method=java.lang.String.<init>([CII)V @ 18

Classes redefined (0 events):
No events

Internal exceptions (10 events):
Event: 0.863 Thread 0x0000000002d7d800 Exception <a 'java/lang/NoSuchMethodError': Method sun.misc.Unsafe.defineClass(Ljava/lang/String;[BII)Ljava/lang/Class; name or signature does not match> (0x00000000eaf07cd8) thrown at [C:\re\workspace\8-2-build-windows-amd64-cygwin\jdk8u171\10807\hotspot
Event: 0.863 Thread 0x0000000002d7d800 Exception <a 'java/lang/NoSuchMethodError': Method sun.misc.Unsafe.prefetchRead(Ljava/lang/Object;J)V name or signature does not match> (0x00000000eaf07fc0) thrown at [C:\re\workspace\8-2-build-windows-amd64-cygwin\jdk8u171\10807\hotspot\src\share\vm\prim
Event: 2.138 Thread 0x0000000002d7d800 Exception <a 'java/security/PrivilegedActionException'> (0x00000000eb076760) thrown at [C:\re\workspace\8-2-build-windows-amd64-cygwin\jdk8u171\10807\hotspot\src\share\vm\prims\jvm.cpp, line 1435]
Event: 2.138 Thread 0x0000000002d7d800 Exception <a 'java/security/PrivilegedActionException'> (0x00000000eb076b58) thrown at [C:\re\workspace\8-2-build-windows-amd64-cygwin\jdk8u171\10807\hotspot\src\share\vm\prims\jvm.cpp, line 1435]
Event: 2.140 Thread 0x0000000002d7d800 Exception <a 'java/security/PrivilegedActionException'> (0x00000000eb07ac50) thrown at [C:\re\workspace\8-2-build-windows-amd64-cygwin\jdk8u171\10807\hotspot\src\share\vm\prims\jvm.cpp, line 1435]
Event: 2.140 Thread 0x0000000002d7d800 Exception <a 'java/security/PrivilegedActionException'> (0x00000000eb07b048) thrown at [C:\re\workspace\8-2-build-windows-amd64-cygwin\jdk8u171\10807\hotspot\src\share\vm\prims\jvm.cpp, line 1435]
Event: 2.197 Thread 0x0000000002d7d800 Exception <a 'java/security/PrivilegedActionException'> (0x00000000eaf08e00) thrown at [C:\re\workspace\8-2-build-windows-amd64-cygwin\jdk8u171\10807\hotspot\src\share\vm\prims\jvm.cpp, line 1435]
Event: 2.197 Thread 0x0000000002d7d800 Exception <a 'java/security/PrivilegedActionException'> (0x00000000eaf091f8) thrown at [C:\re\workspace\8-2-build-windows-amd64-cygwin\jdk8u171\10807\hotspot\src\share\vm\prims\jvm.cpp, line 1435]
Event: 3.719 Thread 0x0000000002d7d800 Exception <a 'java/io/FileNotFoundException'> (0x00000000eb020130) thrown at [C:\re\workspace\8-2-build-windows-amd64-cygwin\jdk8u171\10807\hotspot\src\share\vm\prims\jni.cpp, line 709]
Event: 3.807 Thread 0x0000000002d7d800 Exception <a 'java/io/FileNotFoundException'> (0x00000000eb062848) thrown at [C:\re\workspace\8-2-build-windows-amd64-cygwin\jdk8u171\10807\hotspot\src\share\vm\prims\jni.cpp, line 709]

Events (10 events):
Event: 4.071 loading class com/sun/tools/javac/jvm/ClassReader$ProxyVisitor
Event: 4.071 loading class com/sun/tools/javac/jvm/ClassReader$ProxyVisitor done
Event: 4.072 loading class java/io/DataInputStream
Event: 4.126 loading class java/io/DataInputStream done
Event: 4.127 loading class com/sun/tools/javac/code/Type$ArrayType$1
Event: 4.127 loading class com/sun/tools/javac/code/Type$ArrayType$1 done
Event: 4.128 loading class com/sun/tools/javac/code/BoundKind
Event: 4.128 loading class com/sun/tools/javac/code/BoundKind done
Event: 4.145 loading class com/sun/tools/javac/comp/Check$CycleChecker
Event: 4.145 loading class com/sun/tools/javac/comp/Check$CycleChecker done


Dynamic libraries:
0x000007f62e7e0000 - 0x000007f62e7e7000 	C:\Program Files\Java\jdk1.8.0_171\bin\javac.exe
0x000007febb8f0000 - 0x000007febbaae000 	C:\Windows\SYSTEM32\ntdll.dll
0x000007febab00000 - 0x000007febac36000 	C:\Windows\system32\KERNEL32.DLL
0x000007feb8a80000 - 0x000007feb8b73000 	C:\Windows\system32\KERNELBASE.dll
0x0000000061a10000 - 0x0000000061a3f000 	C:\Program Files\Java\jdk1.8.0_171\bin\jli.dll
0x000000005f1d0000 - 0x000000005f2a2000 	C:\Program Files\Java\jdk1.8.0_171\bin\MSVCR100.dll
0x000007feb91a0000 - 0x000007feb927e000 	C:\Windows\system32\ADVAPI32.dll
0x000007feb61b0000 - 0x000007feb6419000 	C:\Windows\WinSxS\amd64_microsoft.windows.common-controls_6595b64144ccf1df_6.0.9200.16384_none_418c2a697189c07f\COMCTL32.dll
0x000007febb0b0000 - 0x000007febb1fc000 	C:\Windows\system32\USER32.dll
0x000007febac40000 - 0x000007febace5000 	C:\Windows\system32\msvcrt.dll
0x000007feba960000 - 0x000007feba9a8000 	C:\Windows\SYSTEM32\sechost.dll
0x000007feb9050000 - 0x000007feb9190000 	C:\Windows\system32\RPCRT4.dll
0x000007feba9c0000 - 0x000007febab00000 	C:\Windows\system32\GDI32.dll
0x000007febaf10000 - 0x000007febaf49000 	C:\Windows\system32\IMM32.DLL
0x000007feb8f30000 - 0x000007feb9044000 	C:\Windows\system32\MSCTF.dll
0x000000005f0f0000 - 0x000000005f1c2000 	C:\Program Files\Java\jdk1.8.0_171\jre\bin\msvcr100.dll
0x000000005e850000 - 0x000000005f0f0000 	C:\Program Files\Java\jdk1.8.0_171\jre\bin\server\jvm.dll
0x000007feb4200000 - 0x000007feb4209000 	C:\Windows\SYSTEM32\WSOCK32.dll
0x000007feb2dc0000 - 0x000007feb2de0000 	C:\Windows\SYSTEM32\WINMM.dll
0x000007feb7980000 - 0x000007feb7989000 	C:\Windows\SYSTEM32\VERSION.dll
0x000007feba9b0000 - 0x000007feba9b7000 	C:\Windows\system32\PSAPI.DLL
0x000007feba850000 - 0x000007feba8a8000 	C:\Windows\system32\WS2_32.dll
0x000007feb2d80000 - 0x000007feb2db2000 	C:\Windows\SYSTEM32\WINMMBASE.dll
0x000007febb320000 - 0x000007febb329000 	C:\Windows\system32\NSI.dll
0x0000000061a00000 - 0x0000000061a0f000 	C:\Program Files\Java\jdk1.8.0_171\jre\bin\verify.dll
0x00000000619d0000 - 0x00000000619f9000 	C:\Program Files\Java\jdk1.8.0_171\jre\bin\java.dll
0x00000000619b0000 - 0x00000000619c6000 	C:\Program Files\Java\jdk1.8.0_171\jre\bin\zip.dll
0x000007feb9560000 - 0x000007feba844000 	C:\Windows\system32\SHELL32.dll
0x000007febb520000 - 0x000007febb6d0000 	C:\Windows\SYSTEM32\combase.dll
0x000007febb2d0000 - 0x000007febb320000 	C:\Windows\system32\SHLWAPI.dll
0x000007feb6960000 - 0x000007feb69f6000 	C:\Windows\SYSTEM32\SHCORE.dll
0x000007feb8820000 - 0x000007feb8835000 	C:\Windows\SYSTEM32\profapi.dll

VM Arguments:
jvm_args: -Dapplication.home=C:\Program Files\Java\jdk1.8.0_171 -Xms8m 
java_command: com.sun.tools.javac.Main genericTree.java
java_class_path (initial): C:\Program Files\Java\jdk1.8.0_171/lib/tools.jar;C:\Program Files\Java\jdk1.8.0_171/classes
Launcher Type: SUN_STANDARD

Environment Variables:
PATH=C:\Program Files (x86)\Common Files\Oracle\Java\javapath;C:\Program Files (x86)\Intel\iCLS Client\;C:\Program Files\Intel\iCLS Client\;C:\Program Files (x86)\AMD APP\bin\x86_64;C:\Program Files (x86)\AMD APP\bin\x86;C:\Windows\system32;C:\Windows;C:\Windows\System32\Wbem;C:\Windows\System32\WindowsPowerShell\v1.0\;C:\Program Files (x86)\ATI Technologies\ATI.ACE\Core-Static;C:\Program Files\Intel\Intel(R) Management Engine Components\DAL;C:\Program Files\Intel\Intel(R) Management Engine Components\IPT;C:\Program Files (x86)\Intel\Intel(R) Management Engine Components\DAL;C:\Program Files (x86)\Intel\Intel(R) Management Engine Components\IPT;C:\Program Files\Sony\VAIO Improvement\;C:\Program Files (x86)\Sony\VAIO Startup Setting Tool;C:\MinGW\MinGW\bin;C:\MinGW\MinGW\msys\1.0\bin;C:\Program Files\Java\jdk1.8.0_171\bin;;C:\Users\SONY\AppData\Local\Programs\Microsoft VS Code\bin
USERNAME=SONY
OS=Windows_NT
PROCESSOR_IDENTIFIER=Intel64 Family 6 Model 58 Stepping 9, GenuineIntel



---------------  S Y S T E M  ---------------

OS: Windows 8 , 64 bit Build 9200 (6.2.9200.16384)

CPU:total 4 (initial active 4) (2 cores per cpu, 2 threads per core) family 6 model 58 stepping 9, cmov, cx8, fxsr, mmx, sse, sse2, sse3, ssse3, sse4.1, sse4.2, popcnt, avx, clmul, erms, ht, tsc, tscinvbit, tscinv

Memory: 4k page, physical 4140312k(1489832k free), swap 16723224k(4672k free)

vm_info: Java HotSpot(TM) 64-Bit Server VM (25.171-b11) for windows-amd64 JRE (1.8.0_171-b11), built on Mar 28 2018 16:06:12 by "java_re" with MS VC++ 10.0 (VS2010)

time: Wed Aug 14 20:33:27 2019
elapsed time: 4 seconds (0d 0h 0m 4s)

